<?xml version="1.0" encoding="UTF-8"?>
<!-- Generated by org.testng.reporters.JUnitReportReporter -->
<testsuite hostname="rosalia" failures="0" tests="1" name="com.crowdar.backend.MeliTest" time="0.000" errors="0" timestamp="2023-04-24T11:42:05 ART" skipped="0">
  <testcase classname="com.crowdar.backend.MeliTest" name="sussessDepartments" time="0.000"/>
  <system-out/>
</testsuite> <!-- com.crowdar.backend.MeliTest -->
